<?xml version="1.0" encoding="UTF-8"?>
<!-- Generated by org.testng.reporters.JUnitXMLReporter -->
<testsuite hostname="Simran-PC" ignored="0" name="Test" tests="18" failures="0" timestamp="12 Mar 2019 13:12:22 GMT" time="32.264" errors="0">
  <testcase name="test_numberOfCircuitsfor2017" time="4.479" classname="com.test.restAssured.restAssured.GetCallBDD"/>
  <testcase name="testPOST" time="1.831" classname="com.test.restAssured.restAssured.PostData1"/>
  <testcase name="checkCountryForFirstCar" time="1.203" classname="com.test.restAssured.restAssured.GetData_XML"/>
  <testcase name="startTest" time="1.068" classname="com.test.restAssured.restAssured.GetData_Assertion"/>
  <testcase name="testPOST" time="0.534" classname="com.test.restAssured.restAssured.PostData"/>
  <testcase name="testDetachRoot" time="0.68" classname="com.tutorial.test.Test1_JSON_GET"/>
  <testcase name="testPostRequest" time="0.719" classname="com.tutorial.test.Test1_JSON_POST"/>
  <testcase name="testXpath2" time="2.208" classname="com.tutorial.test.Test1_XML_GET"/>
  <testcase name="test" time="5.41" classname="com.test.restAssured.restAssured.TestByExcelData"/>
  <testcase name="testPOST" time="0.875" classname="com.test.restAssured.restAssured.PostData_ExcelRead"/>
  <testcase name="testResponseCode" time="1.473" classname="com.test.restAssured.restAssured.GetData2"/>
  <testcase name="testResponseCode" time="0.66" classname="com.test.restAssured.restAssured.GetEUData"/>
  <testcase name="testResponseCode" time="1.727" classname="com.test.restAssured.restAssured.GetData1"/>
  <testcase name="testResponseCode" time="1.604" classname="com.test.restAssured.restAssured.GetData"/>
  <testcase name="testResponseBody" time="3.781" classname="com.test.restAssured.restAssured.GetData2"/>
  <testcase name="testResponseBody" time="1.06" classname="com.test.restAssured.restAssured.GetEUData"/>
  <testcase name="testResponseBody" time="1.795" classname="com.test.restAssured.restAssured.GetData1"/>
  <testcase name="testResponseBody" time="0.959" classname="com.test.restAssured.restAssured.GetData"/>
</testsuite> <!-- Test -->
