<?xml version="1.0" encoding="UTF-8"?>
<!-- Generated by org.testng.reporters.JUnitXMLReporter -->
<testsuite hostname="Simran-PC" ignored="0" name="Test" tests="13" failures="1" timestamp="09 Mar 2019 07:47:23 GMT" time="18.599" errors="0">
  <testcase name="test_numberOfCircuitsfor2017" time="5.941" classname="com.test.restAssured.restAssured.GetCallBDD"/>
  <testcase name="testPOST" time="1.636" classname="com.test.restAssured.restAssured.PostData1"/>
  <testcase name="checkCountryForFirstCar" time="0.605" classname="com.test.restAssured.restAssured.GetData_XML">
    <failure type="java.lang.AssertionError" message="1 expectation failed.
XML path MRData.CircuitTable.Circuit[0].Location.Locality doesn&amp;apos;t match.
Expected:  Melbourne
  Actual: Melbourne
">
      <![CDATA[java.lang.AssertionError: 1 expectation failed.
XML path MRData.CircuitTable.Circuit[0].Location.Locality doesn't match.
Expected:  Melbourne
  Actual: Melbourne

	at org.codehaus.groovy.runtime.callsite.ConstructorSite$ConstructorSiteNoUnwrap.callConstructor(ConstructorSite.java:84)
	at org.codehaus.groovy.runtime.callsite.CallSiteArray.defaultCallConstructor(CallSiteArray.java:60)
	at org.codehaus.groovy.runtime.callsite.AbstractCallSite.callConstructor(AbstractCallSite.java:235)
	at org.codehaus.groovy.runtime.callsite.AbstractCallSite.callConstructor(AbstractCallSite.java:247)
	at io.restassured.internal.ResponseSpecificationImpl$HamcrestAssertionClosure.validate(ResponseSpecificationImpl.groovy:483)
	at io.restassured.internal.ResponseSpecificationImpl$HamcrestAssertionClosure$validate$1.call(Unknown Source)
	at io.restassured.internal.ResponseSpecificationImpl.validateResponseIfRequired(ResponseSpecificationImpl.groovy:655)
	at org.codehaus.groovy.runtime.callsite.PogoMetaMethodSite$PogoCachedMethodSiteNoUnwrapNoCoerce.invoke(PogoMetaMethodSite.java:210)
	at org.codehaus.groovy.runtime.callsite.PogoMetaMethodSite.callCurrent(PogoMetaMethodSite.java:59)
	at org.codehaus.groovy.runtime.callsite.AbstractCallSite.callCurrent(AbstractCallSite.java:166)
	at io.restassured.internal.ResponseSpecificationImpl.content(ResponseSpecificationImpl.groovy:275)
	at io.restassured.specification.ResponseSpecification$content$1.callCurrent(Unknown Source)
	at org.codehaus.groovy.runtime.callsite.CallSiteArray.defaultCallCurrent(CallSiteArray.java:52)
	at io.restassured.specification.ResponseSpecification$content$1.callCurrent(Unknown Source)
	at io.restassured.internal.ResponseSpecificationImpl.body(ResponseSpecificationImpl.groovy:258)
	at io.restassured.internal.ValidatableResponseOptionsImpl.body(ValidatableResponseOptionsImpl.java:274)
	at com.test.restAssured.restAssured.GetData_XML.checkCountryForFirstCar(GetData_XML.java:21)
... Removed 35 stack frames]]>
    </failure>
  </testcase> <!-- checkCountryForFirstCar -->
  <testcase name="startTest" time="1.219" classname="com.test.restAssured.restAssured.GetData_Assertion"/>
  <testcase name="testPOST" time="0.76" classname="com.test.restAssured.restAssured.PostData"/>
  <testcase name="testResponseCode" time="0.99" classname="com.test.restAssured.restAssured.GetData2"/>
  <testcase name="testResponseCode" time="0.716" classname="com.test.restAssured.restAssured.GetEUData"/>
  <testcase name="testResponseCode" time="0.945" classname="com.test.restAssured.restAssured.GetData1"/>
  <testcase name="testResponseCode" time="0.884" classname="com.test.restAssured.restAssured.GetData"/>
  <testcase name="testResponseBody" time="1.722" classname="com.test.restAssured.restAssured.GetData2"/>
  <testcase name="testResponseBody" time="1.366" classname="com.test.restAssured.restAssured.GetEUData"/>
  <testcase name="testResponseBody" time="0.827" classname="com.test.restAssured.restAssured.GetData1"/>
  <testcase name="testResponseBody" time="0.848" classname="com.test.restAssured.restAssured.GetData"/>
</testsuite> <!-- Test -->
