<?xml version="1.0" encoding="UTF-8"?>
<!-- Generated by org.testng.reporters.JUnitXMLReporter -->
<testsuite hostname="Simran-PC" ignored="0" name="Command line test" tests="3" failures="0" timestamp="12 Mar 2019 12:56:26 GMT" time="10.798" errors="0">
  <testcase name="testDetachRoot" time="6.889" classname="com.tutorial.test.Test1_JSON_GET"/>
  <testcase name="testPostRequest" time="2.501" classname="com.tutorial.test.Test1_JSON_POST"/>
  <testcase name="testXpath2" time="1.324" classname="com.tutorial.test.Test1_XML_GET"/>
</testsuite> <!-- Command line test -->
