<?xml version="1.0" encoding="UTF-8"?>
<testng-results skipped="0" failed="0" ignored="0" total="3" passed="3">
  <reporter-output>
  </reporter-output>
  <suite name="Command line suite" duration-ms="10798" started-at="2019-03-12T12:56:14Z" finished-at="2019-03-12T12:56:25Z">
    <groups>
    </groups>
    <test name="Command line test" duration-ms="10798" started-at="2019-03-12T12:56:14Z" finished-at="2019-03-12T12:56:25Z">
      <class name="com.tutorial.test.Test1_JSON_POST">
        <test-method status="PASS" signature="testPostRequest()[pri:0, instance:com.tutorial.test.Test1_JSON_POST@dfd3711]" name="testPostRequest" duration-ms="2501" started-at="2019-03-12T18:26:21Z" finished-at="2019-03-12T18:26:23Z">
          <reporter-output>
          </reporter-output>
        </test-method> <!-- testPostRequest -->
      </class> <!-- com.tutorial.test.Test1_JSON_POST -->
      <class name="com.tutorial.test.Test1_JSON_GET">
        <test-method status="PASS" signature="testDetachRoot()[pri:0, instance:com.tutorial.test.Test1_JSON_GET@73f792cf]" name="testDetachRoot" duration-ms="6889" started-at="2019-03-12T18:26:14Z" finished-at="2019-03-12T18:26:21Z">
          <reporter-output>
          </reporter-output>
        </test-method> <!-- testDetachRoot -->
      </class> <!-- com.tutorial.test.Test1_JSON_GET -->
      <class name="com.tutorial.test.Test1_XML_GET">
        <test-method status="PASS" signature="testXpath2()[pri:0, instance:com.tutorial.test.Test1_XML_GET@42d3bd8b]" name="testXpath2" duration-ms="1324" started-at="2019-03-12T18:26:23Z" finished-at="2019-03-12T18:26:25Z">
          <reporter-output>
          </reporter-output>
        </test-method> <!-- testXpath2 -->
      </class> <!-- com.tutorial.test.Test1_XML_GET -->
    </test> <!-- Command line test -->
  </suite> <!-- Command line suite -->
</testng-results>
