<?xml version="1.0" encoding="UTF-8"?>
<!-- Generated by org.testng.reporters.JUnitXMLReporter -->
<testsuite hostname="LAPTOP-D34DC2QJ" ignored="0" name="End to End Test" tests="4" failures="0" timestamp="09 Aug 2020 08:37:46 GMT" time="2.771" errors="0">
  <testcase name="e2e_GET" time="2.163" classname="testAssured.e2e.E2E_WSTest"/>
  <testcase name="e2e_POST" time="0.101" classname="testAssured.e2e.E2E_WSTest"/>
  <testcase name="e2e_PUT" time="0.092" classname="testAssured.e2e.E2E_WSTest"/>
  <testcase name="e2e_DELETE" time="0.358" classname="testAssured.e2e.E2E_WSTest"/>
</testsuite> <!-- End to End Test -->
