<?xml version="1.0" encoding="UTF-8"?>
<testng-results skipped="0" failed="0" ignored="0" total="1" passed="1">
  <reporter-output>
  </reporter-output>
  <suite name="Default suite" duration-ms="6177" started-at="2018-10-03T19:06:31Z" finished-at="2018-10-03T19:06:38Z">
    <groups>
    </groups>
    <test name="Default test" duration-ms="6177" started-at="2018-10-03T19:06:31Z" finished-at="2018-10-03T19:06:38Z">
      <class name="com.test.restAssured.restAssured.GetCallBDD">
        <test-method status="PASS" signature="test_numberOfCircuits_2017()[pri:0, instance:com.test.restAssured.restAssured.GetCallBDD@3c756e4d]" name="test_numberOfCircuits_2017" duration-ms="6105" started-at="2018-10-04T00:36:32Z" finished-at="2018-10-04T00:36:38Z">
          <reporter-output>
          </reporter-output>
        </test-method> <!-- test_numberOfCircuits_2017 -->
      </class> <!-- com.test.restAssured.restAssured.GetCallBDD -->
    </test> <!-- Default test -->
  </suite> <!-- Default suite -->
</testng-results>
