<?xml version="1.0" encoding="UTF-8"?>
<testng-results skipped="0" failed="0" ignored="0" total="16" passed="16">
  <reporter-output>
  </reporter-output>
  <suite name="Suite" duration-ms="18655" started-at="2019-03-09T09:44:37Z" finished-at="2019-03-09T09:44:55Z">
    <groups>
    </groups>
    <test name="Test" duration-ms="18655" started-at="2019-03-09T09:44:37Z" finished-at="2019-03-09T09:44:55Z">
      <class name="com.test.restAssured.restAssured.PostData">
        <test-method status="PASS" signature="testPOST()[pri:0, instance:com.test.restAssured.restAssured.PostData@47c62251]" name="testPOST" duration-ms="540" started-at="2019-03-09T15:14:44Z" finished-at="2019-03-09T15:14:45Z">
          <reporter-output>
          </reporter-output>
        </test-method> <!-- testPOST -->
      </class> <!-- com.test.restAssured.restAssured.PostData -->
      <class name="com.test.restAssured.restAssured.GetData_XML">
        <test-method status="PASS" signature="checkCountryForFirstCar()[pri:0, instance:com.test.restAssured.restAssured.GetData_XML@27efef64]" name="checkCountryForFirstCar" duration-ms="898" started-at="2019-03-09T15:14:42Z" finished-at="2019-03-09T15:14:43Z">
          <reporter-output>
          </reporter-output>
        </test-method> <!-- checkCountryForFirstCar -->
      </class> <!-- com.test.restAssured.restAssured.GetData_XML -->
      <class name="com.tutorial.test.Test1_JSON_POST">
        <test-method status="PASS" signature="testPostRequest()[pri:0, instance:com.tutorial.test.Test1_JSON_POST@1e88b3c]" name="testPostRequest" duration-ms="739" started-at="2019-03-09T15:14:45Z" finished-at="2019-03-09T15:14:46Z">
          <reporter-output>
          </reporter-output>
        </test-method> <!-- testPostRequest -->
      </class> <!-- com.tutorial.test.Test1_JSON_POST -->
      <class name="com.test.restAssured.restAssured.GetData1">
        <test-method status="PASS" signature="testResponseCode()[pri:1, instance:com.test.restAssured.restAssured.GetData1@68c4039c]" name="testResponseCode" duration-ms="938" started-at="2019-03-09T15:14:49Z" finished-at="2019-03-09T15:14:50Z">
          <reporter-output>
          </reporter-output>
        </test-method> <!-- testResponseCode -->
        <test-method status="PASS" signature="testResponseBody()[pri:2, instance:com.test.restAssured.restAssured.GetData1@68c4039c]" name="testResponseBody" duration-ms="939" started-at="2019-03-09T15:14:54Z" finished-at="2019-03-09T15:14:55Z">
          <reporter-output>
          </reporter-output>
        </test-method> <!-- testResponseBody -->
      </class> <!-- com.test.restAssured.restAssured.GetData1 -->
      <class name="com.tutorial.test.Test1_JSON_GET">
        <test-method status="PASS" signature="testDetachRoot()[pri:0, instance:com.tutorial.test.Test1_JSON_GET@77caeb3e]" name="testDetachRoot" duration-ms="471" started-at="2019-03-09T15:14:45Z" finished-at="2019-03-09T15:14:45Z">
          <reporter-output>
          </reporter-output>
        </test-method> <!-- testDetachRoot -->
      </class> <!-- com.tutorial.test.Test1_JSON_GET -->
      <class name="com.test.restAssured.restAssured.GetData2">
        <test-method status="PASS" signature="testResponseCode()[pri:1, instance:com.test.restAssured.restAssured.GetData2@5e5792a0]" name="testResponseCode" duration-ms="912" started-at="2019-03-09T15:14:47Z" finished-at="2019-03-09T15:14:48Z">
          <reporter-output>
          </reporter-output>
        </test-method> <!-- testResponseCode -->
        <test-method status="PASS" signature="testResponseBody()[pri:2, instance:com.test.restAssured.restAssured.GetData2@5e5792a0]" name="testResponseBody" duration-ms="1817" started-at="2019-03-09T15:14:50Z" finished-at="2019-03-09T15:14:52Z">
          <reporter-output>
          </reporter-output>
        </test-method> <!-- testResponseBody -->
      </class> <!-- com.test.restAssured.restAssured.GetData2 -->
      <class name="com.test.restAssured.restAssured.GetCallBDD">
        <test-method status="PASS" signature="test_numberOfCircuitsfor2017()[pri:0, instance:com.test.restAssured.restAssured.GetCallBDD@ae45eb6]" name="test_numberOfCircuitsfor2017" duration-ms="4205" started-at="2019-03-09T15:14:37Z" finished-at="2019-03-09T15:14:41Z">
          <reporter-output>
          </reporter-output>
        </test-method> <!-- test_numberOfCircuitsfor2017 -->
      </class> <!-- com.test.restAssured.restAssured.GetCallBDD -->
      <class name="com.tutorial.test.Test1_XML_GET">
        <test-method status="PASS" signature="testXpath2()[pri:0, instance:com.tutorial.test.Test1_XML_GET@42d80b78]" name="testXpath2" duration-ms="844" started-at="2019-03-09T15:14:46Z" finished-at="2019-03-09T15:14:47Z">
          <reporter-output>
          </reporter-output>
        </test-method> <!-- testXpath2 -->
      </class> <!-- com.tutorial.test.Test1_XML_GET -->
      <class name="com.test.restAssured.restAssured.GetData">
        <test-method status="PASS" signature="testResponseCode()[pri:1, instance:com.test.restAssured.restAssured.GetData@66a3ffec]" name="testResponseCode" duration-ms="877" started-at="2019-03-09T15:14:50Z" finished-at="2019-03-09T15:14:50Z">
          <reporter-output>
          </reporter-output>
        </test-method> <!-- testResponseCode -->
        <test-method status="PASS" signature="testResponseBody()[pri:2, instance:com.test.restAssured.restAssured.GetData@66a3ffec]" name="testResponseBody" duration-ms="857" started-at="2019-03-09T15:14:55Z" finished-at="2019-03-09T15:14:55Z">
          <reporter-output>
          </reporter-output>
        </test-method> <!-- testResponseBody -->
      </class> <!-- com.test.restAssured.restAssured.GetData -->
      <class name="com.test.restAssured.restAssured.GetEUData">
        <test-method status="PASS" signature="testResponseCode()[pri:1, instance:com.test.restAssured.restAssured.GetEUData@3e6fa38a]" name="testResponseCode" duration-ms="693" started-at="2019-03-09T15:14:48Z" finished-at="2019-03-09T15:14:49Z">
          <reporter-output>
          </reporter-output>
        </test-method> <!-- testResponseCode -->
        <test-method status="PASS" signature="testResponseBody()[pri:2, instance:com.test.restAssured.restAssured.GetEUData@3e6fa38a]" name="testResponseBody" duration-ms="1421" started-at="2019-03-09T15:14:52Z" finished-at="2019-03-09T15:14:54Z">
          <reporter-output>
          </reporter-output>
        </test-method> <!-- testResponseBody -->
      </class> <!-- com.test.restAssured.restAssured.GetEUData -->
      <class name="com.test.restAssured.restAssured.GetData_Assertion">
        <test-method status="PASS" signature="startTest()[pri:0, instance:com.test.restAssured.restAssured.GetData_Assertion@6f7fd0e6]" name="startTest" duration-ms="1069" started-at="2019-03-09T15:14:43Z" finished-at="2019-03-09T15:14:44Z">
          <reporter-output>
          </reporter-output>
        </test-method> <!-- startTest -->
      </class> <!-- com.test.restAssured.restAssured.GetData_Assertion -->
      <class name="com.test.restAssured.restAssured.PostData1">
        <test-method status="PASS" signature="testPOST()[pri:0, instance:com.test.restAssured.restAssured.PostData1@59f99ea]" name="testPOST" duration-ms="1321" started-at="2019-03-09T15:14:41Z" finished-at="2019-03-09T15:14:42Z">
          <reporter-output>
          </reporter-output>
        </test-method> <!-- testPOST -->
      </class> <!-- com.test.restAssured.restAssured.PostData1 -->
    </test> <!-- Test -->
  </suite> <!-- Suite -->
</testng-results>
