<?xml version="1.0" encoding="UTF-8"?>
<testng-results skipped="0" failed="0" ignored="0" total="1" passed="1">
  <reporter-output>
  </reporter-output>
  <suite name="Default suite" duration-ms="3894" started-at="2020-08-09T10:46:39Z" finished-at="2020-08-09T10:46:43Z">
    <groups>
    </groups>
    <test name="Default test" duration-ms="3894" started-at="2020-08-09T10:46:39Z" finished-at="2020-08-09T10:46:43Z">
      <class name="testAssured.testCases.GET_Typicode_AllUsers">
        <test-method status="PASS" signature="getTypicodeAllUsers()[pri:0, instance:testAssured.testCases.GET_Typicode_AllUsers@4ae3c1cd]" name="getTypicodeAllUsers" duration-ms="3843" started-at="2020-08-09T16:16:39Z" finished-at="2020-08-09T16:16:43Z">
          <reporter-output>
          </reporter-output>
        </test-method> <!-- getTypicodeAllUsers -->
      </class> <!-- testAssured.testCases.GET_Typicode_AllUsers -->
    </test> <!-- Default test -->
  </suite> <!-- Default suite -->
</testng-results>
