<?xml version="1.0" encoding="UTF-8"?>
<testng-results skipped="0" failed="0" ignored="0" total="2" passed="2">
  <reporter-output>
  </reporter-output>
  <suite name="Default suite" duration-ms="5543" started-at="2018-09-26T18:34:33Z" finished-at="2018-09-26T18:34:39Z">
    <groups>
    </groups>
    <test name="Default test" duration-ms="5543" started-at="2018-09-26T18:34:33Z" finished-at="2018-09-26T18:34:39Z">
      <class name="com.test.restAssured.restAssured.GetData">
        <test-method status="PASS" signature="testResponseBody()[pri:0, instance:com.test.restAssured.restAssured.GetData@3c756e4d]" name="testResponseBody" duration-ms="4523" started-at="2018-09-27T00:04:33Z" finished-at="2018-09-27T00:04:38Z">
          <reporter-output>
          </reporter-output>
        </test-method> <!-- testResponseBody -->
        <test-method status="PASS" signature="testResponseCode()[pri:0, instance:com.test.restAssured.restAssured.GetData@3c756e4d]" name="testResponseCode" duration-ms="973" started-at="2018-09-27T00:04:38Z" finished-at="2018-09-27T00:04:39Z">
          <reporter-output>
          </reporter-output>
        </test-method> <!-- testResponseCode -->
      </class> <!-- com.test.restAssured.restAssured.GetData -->
    </test> <!-- Default test -->
  </suite> <!-- Default suite -->
</testng-results>
